<?xml version="1.0" encoding="UTF-8"?>
<testng-results ignored="0" total="4" passed="4" failed="0" skipped="0">
  <reporter-output>
  </reporter-output>
  <suite started-at="2023-10-30T14:29:04 IST" name="PetSuite" finished-at="2023-10-30T14:29:13 IST" duration-ms="9688">
    <groups>
    </groups>
    <test started-at="2023-10-30T14:29:04 IST" name="PetTest" finished-at="2023-10-30T14:29:13 IST" duration-ms="9688">
      <class name="api.test.UserTests2">
        <test-method is-config="true" signature="setUp()[pri:0, instance:api.test.UserTests2@619713e5]" started-at="2023-10-30T14:29:04 IST" name="setUp" finished-at="2023-10-30T14:29:05 IST" duration-ms="1098" status="PASS">
          <reporter-output>
          </reporter-output>
        </test-method> <!-- setUp -->
        <test-method signature="testCreateUser()[pri:1, instance:api.test.UserTests2@619713e5]" started-at="2023-10-30T14:29:05 IST" name="testCreateUser" finished-at="2023-10-30T14:29:09 IST" duration-ms="4176" status="PASS">
          <reporter-output>
          </reporter-output>
        </test-method> <!-- testCreateUser -->
        <test-method signature="testGetUserByName()[pri:2, instance:api.test.UserTests2@619713e5]" started-at="2023-10-30T14:29:09 IST" name="testGetUserByName" finished-at="2023-10-30T14:29:11 IST" duration-ms="1445" status="PASS">
          <reporter-output>
          </reporter-output>
        </test-method> <!-- testGetUserByName -->
        <test-method signature="testUpdateUserByName()[pri:3, instance:api.test.UserTests2@619713e5]" started-at="2023-10-30T14:29:11 IST" name="testUpdateUserByName" finished-at="2023-10-30T14:29:12 IST" duration-ms="1437" status="PASS">
          <reporter-output>
          </reporter-output>
        </test-method> <!-- testUpdateUserByName -->
        <test-method signature="testDeleteUserByName()[pri:4, instance:api.test.UserTests2@619713e5]" started-at="2023-10-30T14:29:12 IST" name="testDeleteUserByName" finished-at="2023-10-30T14:29:13 IST" duration-ms="1133" status="PASS">
          <reporter-output>
          </reporter-output>
        </test-method> <!-- testDeleteUserByName -->
      </class> <!-- api.test.UserTests2 -->
    </test> <!-- PetTest -->
  </suite> <!-- PetSuite -->
</testng-results>
