<?xml version="1.0" encoding="UTF-8"?>
<testng-results ignored="0" total="4" passed="4" failed="0" skipped="0">
  <reporter-output>
  </reporter-output>
  <suite started-at="2023-10-27T13:06:47 IST" name="PetSuite" finished-at="2023-10-27T13:07:00 IST" duration-ms="12347">
    <groups>
    </groups>
    <test started-at="2023-10-27T13:06:47 IST" name="PetTest" finished-at="2023-10-27T13:07:00 IST" duration-ms="12347">
      <class name="api.test.UserTests2">
        <test-method is-config="true" signature="setUp()[pri:0, instance:api.test.UserTests2@619713e5]" started-at="2023-10-27T13:06:48 IST" name="setUp" finished-at="2023-10-27T13:06:50 IST" duration-ms="1731" status="PASS">
          <reporter-output>
          </reporter-output>
        </test-method> <!-- setUp -->
        <test-method signature="testCreateUser()[pri:1, instance:api.test.UserTests2@619713e5]" started-at="2023-10-27T13:06:50 IST" name="testCreateUser" finished-at="2023-10-27T13:06:55 IST" duration-ms="5640" status="PASS">
          <reporter-output>
          </reporter-output>
        </test-method> <!-- testCreateUser -->
        <test-method signature="testGetUserByName()[pri:2, instance:api.test.UserTests2@619713e5]" started-at="2023-10-27T13:06:55 IST" name="testGetUserByName" finished-at="2023-10-27T13:06:57 IST" duration-ms="1530" status="PASS">
          <reporter-output>
          </reporter-output>
        </test-method> <!-- testGetUserByName -->
        <test-method signature="testUpdateUserByName()[pri:3, instance:api.test.UserTests2@619713e5]" started-at="2023-10-27T13:06:57 IST" name="testUpdateUserByName" finished-at="2023-10-27T13:06:58 IST" duration-ms="1426" status="PASS">
          <reporter-output>
          </reporter-output>
        </test-method> <!-- testUpdateUserByName -->
        <test-method signature="testDeleteUserByName()[pri:4, instance:api.test.UserTests2@619713e5]" started-at="2023-10-27T13:06:58 IST" name="testDeleteUserByName" finished-at="2023-10-27T13:07:00 IST" duration-ms="1436" status="PASS">
          <reporter-output>
          </reporter-output>
        </test-method> <!-- testDeleteUserByName -->
      </class> <!-- api.test.UserTests2 -->
    </test> <!-- PetTest -->
  </suite> <!-- PetSuite -->
</testng-results>
