<?xml version="1.0" encoding="UTF-8"?>
<testng-results ignored="0" total="4" passed="4" failed="0" skipped="0">
  <reporter-output>
  </reporter-output>
  <suite started-at="2023-10-27T12:33:20 IST" name="PetSuite" finished-at="2023-10-27T12:33:32 IST" duration-ms="11970">
    <groups>
    </groups>
    <test started-at="2023-10-27T12:33:20 IST" name="PetTest" finished-at="2023-10-27T12:33:32 IST" duration-ms="11970">
      <class name="api.test.UserTests2">
        <test-method is-config="true" signature="setUp()[pri:0, instance:api.test.UserTests2@1c7696c6]" started-at="2023-10-27T12:33:21 IST" name="setUp" finished-at="2023-10-27T12:33:22 IST" duration-ms="1759" status="PASS">
          <reporter-output>
          </reporter-output>
        </test-method> <!-- setUp -->
        <test-method signature="testCreateUser()[pri:1, instance:api.test.UserTests2@1c7696c6]" started-at="2023-10-27T12:33:22 IST" name="testCreateUser" finished-at="2023-10-27T12:33:28 IST" duration-ms="5312" status="PASS">
          <reporter-output>
          </reporter-output>
        </test-method> <!-- testCreateUser -->
        <test-method signature="testGetUserByName()[pri:2, instance:api.test.UserTests2@1c7696c6]" started-at="2023-10-27T12:33:28 IST" name="testGetUserByName" finished-at="2023-10-27T12:33:29 IST" duration-ms="1602" status="PASS">
          <reporter-output>
          </reporter-output>
        </test-method> <!-- testGetUserByName -->
        <test-method signature="testUpdateUserByName()[pri:3, instance:api.test.UserTests2@1c7696c6]" started-at="2023-10-27T12:33:29 IST" name="testUpdateUserByName" finished-at="2023-10-27T12:33:30 IST" duration-ms="1139" status="PASS">
          <reporter-output>
          </reporter-output>
        </test-method> <!-- testUpdateUserByName -->
        <test-method signature="testDeleteUserByName()[pri:4, instance:api.test.UserTests2@1c7696c6]" started-at="2023-10-27T12:33:30 IST" name="testDeleteUserByName" finished-at="2023-10-27T12:33:32 IST" duration-ms="1367" status="PASS">
          <reporter-output>
          </reporter-output>
        </test-method> <!-- testDeleteUserByName -->
      </class> <!-- api.test.UserTests2 -->
    </test> <!-- PetTest -->
  </suite> <!-- PetSuite -->
</testng-results>
