<?xml version="1.0" encoding="UTF-8"?>
<!-- Generated by org.testng.reporters.JUnitXMLReporter -->
<testsuite ignored="0" hostname="LAPTOP-K9GQO8KP" failures="0" tests="4" name="PetTest" time="12.347" errors="0" timestamp="2023-10-27T13:07:01 IST">
  <testcase classname="api.test.UserTests2" name="testCreateUser" time="5.64"/>
  <testcase classname="api.test.UserTests2" name="testGetUserByName" time="1.53"/>
  <testcase classname="api.test.UserTests2" name="testUpdateUserByName" time="1.426"/>
  <testcase classname="api.test.UserTests2" name="testDeleteUserByName" time="1.436"/>
</testsuite> <!-- PetTest -->
